[2024-04-10T10:32:22.819] [DEBUG] debug-file - env: nodejsVersion=v18.14.1
[2024-04-10T10:32:22.822] [DEBUG] debug-file - env: hvigor-config.json5 content = {
  hvigorVersion: '4.1.2',
  dependencies: { '@ohos/hvigor-ohos-plugin': '4.1.2' }
}
[2024-04-10T10:32:22.849] [DEBUG] debug-file - env: daemon=true
[2024-04-10T10:32:23.906] [DEBUG] debug-file - hvigor start cli arguments:{
  prop: [ 'product=default' ],
  sync: true,
  analyze: true,
  parallel: true,
  incremental: true,
  daemon: true,
  _: []
}
[2024-04-10T10:32:23.955] [DEBUG] debug-file - session manager: set active socket. socketId=58fkSNafmC7Kuhw4AAAB
[2024-04-10T10:32:25.090] [DEBUG] debug-file - watch worker: worker id should be larger than 0. Nothing will be sent to any worker thread.
[2024-04-10T10:32:25.102] [DEBUG] debug-file - Hvigor init with startParameters:{
  hvigorfileTypeCheck: false,
  parallelExecution: true,
  incrementalExecution: true,
  printStackTrace: false,
  daemon: true,
  analyze: 0,
  logLevel: Level { level: 20000, levelStr: 'INFO', colour: 'green' }
}
[2024-04-10T10:32:25.111] [DEBUG] debug-file - Cache service initialization finished in 9 ms 
[2024-04-10T10:32:25.115] [DEBUG] debug-file - hvigorfile, resolving D:\PrivateSpace\HarmonyWorkspace\ToDoListArkTS\hvigorfile.ts
[2024-04-10T10:32:27.338] [DEBUG] debug-file - hvigorfile, require result:  {}
[2024-04-10T10:32:27.339] [DEBUG] debug-file - hvigorfile, binding system plugins {}
[2024-04-10T10:32:27.532] [DEBUG] debug-file - hvigorfile, resolve finished D:\PrivateSpace\HarmonyWorkspace\ToDoListArkTS\hvigorfile.ts
[2024-04-10T10:32:27.533] [DEBUG] debug-file - hvigorfile, resolving D:\PrivateSpace\HarmonyWorkspace\ToDoListArkTS\entry\hvigorfile.ts
[2024-04-10T10:32:27.540] [DEBUG] debug-file - hvigorfile, require result:  {}
[2024-04-10T10:32:27.541] [DEBUG] debug-file - hvigorfile, binding system plugins {}
[2024-04-10T10:32:27.549] [DEBUG] debug-file - Module entry Collected Dependency: 
[2024-04-10T10:32:27.549] [DEBUG] debug-file - Module entry's total dependency: 0
[2024-04-10T10:32:27.556] [DEBUG] debug-file - Start initialize module-target build option map, moduleName=entry, buildMode=debug
[2024-04-10T10:32:27.557] [DEBUG] debug-file - Target 'default' config: {}
[2024-04-10T10:32:27.558] [DEBUG] debug-file - Module 'entry' target 'default' build option: {
  "debuggable": true,
  "copyFrom": "default"
}
[2024-04-10T10:32:27.558] [DEBUG] debug-file - End initialize module-target build option map, moduleName=entry
[2024-04-10T10:32:27.558] [DEBUG] debug-file - Module 'entry' target 'default' using build option: {
  "debuggable": true,
  "copyFrom": "default"
} in this build.
[2024-04-10T10:32:27.561] [DEBUG] debug-file - require SDK: toolchains,ArkTS; moduleName=entry
[2024-04-10T10:32:27.570] [DEBUG] debug-file - Module entry task initialization takes 7 ms 
[2024-04-10T10:32:27.570] [DEBUG] debug-file - hvigorfile, resolve finished D:\PrivateSpace\HarmonyWorkspace\ToDoListArkTS\entry\hvigorfile.ts
[2024-04-10T10:32:27.593] [DEBUG] debug-file - hvigorfile, resolve hvigorfile dependencies in 23 ms 
[2024-04-10T10:32:27.594] [DEBUG] debug-file - Start initialize project's product build option map with build mode debug.
[2024-04-10T10:32:27.594] [DEBUG] debug-file - Picking option from product 'default' with build mode 'debug'.
[2024-04-10T10:32:27.594] [DEBUG] debug-file - Product 'default' build option: {}
[2024-04-10T10:32:27.594] [DEBUG] debug-file - End initialize project's product build option map with build mode 'debug'.
[2024-04-10T10:32:27.595] [DEBUG] debug-file - Module ToDoListArkTS Collected Dependency: 
[2024-04-10T10:32:27.595] [DEBUG] debug-file - Module ToDoListArkTS's total dependency: 0
[2024-04-10T10:32:27.597] [DEBUG] debug-file - Product 'default' using build option: {
  "debuggable": true
} in this build.
[2024-04-10T10:32:27.604] [DEBUG] debug-file - Local scan or download HarmonyOS sdk components toolchains
[2024-04-10T10:32:27.624] [DEBUG] debug-file - Local scan or download hmscore sdk components toolchains
[2024-04-10T10:32:27.644] [DEBUG] debug-file - Sdk init in 44 ms 
[2024-04-10T10:32:27.658] [DEBUG] debug-file - Project task initialization takes 13 ms 
[2024-04-10T10:32:27.661] [DEBUG] debug-file - Sdk init in 3 ms 
[2024-04-10T10:32:27.665] [DEBUG] debug-file - project has submodules:entry
[2024-04-10T10:32:27.667] [DEBUG] debug-file - Configuration phase cost:2 s 556 ms 
[2024-04-10T10:32:27.670] [DEBUG] debug-file - Configuration task cost before running: 2 s 575 ms 
[2024-04-10T10:32:27.671] [DEBUG] debug-file - entry : init start {
  rss: 158523392,
  heapTotal: 121765888,
  heapUsed: 90136112,
  external: 1043086,
  arrayBuffers: 91924
}
[2024-04-10T10:32:27.671] [DEBUG] debug-file - Executing task :entry:init
[2024-04-10T10:32:27.673] [DEBUG] debug-file - entry : init end {
  rss: 158552064,
  heapTotal: 121765888,
  heapUsed: 90217128,
  external: 1043126,
  arrayBuffers: 92864
}
[2024-04-10T10:32:27.673] [DEBUG] debug-file - runTaskFromQueue task cost before running: 2 s 578 ms 
[2024-04-10T10:32:27.674] [INFO] debug-file - Finished :entry:init... after 3 ms 
[2024-04-10T10:32:27.674] [DEBUG] debug-file - ToDoListArkTS : init start {
  rss: 158568448,
  heapTotal: 121765888,
  heapUsed: 90270776,
  external: 1043126,
  arrayBuffers: 94671
}
[2024-04-10T10:32:27.675] [DEBUG] debug-file - Executing task ::init
[2024-04-10T10:32:27.675] [DEBUG] debug-file - ToDoListArkTS : init end {
  rss: 158572544,
  heapTotal: 121765888,
  heapUsed: 90296440,
  external: 1043126,
  arrayBuffers: 95614
}
[2024-04-10T10:32:27.675] [DEBUG] debug-file - runTaskFromQueue task cost before running: 2 s 580 ms 
[2024-04-10T10:32:27.675] [INFO] debug-file - Finished ::init... after 1 ms 
[2024-04-10T10:32:27.682] [DEBUG] debug-file - Module 'entry' target 'default' using build option: {
  "debuggable": true,
  "copyFrom": "default"
} in this build.
[2024-04-10T10:32:27.685] [DEBUG] debug-file - Since there is no instance or instance is terminated, create a new worker pool.
[2024-04-10T10:32:27.690] [DEBUG] debug-file - The build request was finished
[2024-04-10T10:32:27.685] [DEBUG] debug-file - Worker pool is initialized with config:  {
  minPoolNum: 2,
  maxPoolNum: undefined,
  maxCoreSize: undefined,
  cacheCapacity: undefined,
  cacheTtl: undefined
}
[2024-04-10T10:32:27.687] [DEBUG] debug-file - Create  resident worker with id: 0.
[2024-04-10T10:32:27.693] [DEBUG] debug-file - session manager: send message to worker process.
[2024-04-10T10:32:27.694] [DEBUG] debug-file - session manager: send message to worker process.
[2024-04-10T10:32:27.691] [DEBUG] debug-file - Create  resident worker with id: 1.
[2024-04-10T10:32:27.697] [DEBUG] debug-file - hvigor build process will be closed.
[2024-04-10T10:32:27.703] [DEBUG] debug-file - watch worker: worker id should be larger than 0. Nothing will be sent to any worker thread.
[2024-04-10T10:32:27.704] [DEBUG] debug-file - watch worker: worker id should be larger than 0. Nothing will be sent to any worker thread.
